Determining if the pthread_create exist failed with the following output:
Change Dir: /home/jhseng/catkin_ws/src/turtle_game/build/CMakeFiles/CMakeTmp

Run Build Command:"/usr/bin/make" "cmTC_8c043/fast"
/usr/bin/make -f CMakeFiles/cmTC_8c043.dir/build.make CMakeFiles/cmTC_8c043.dir/build
make[1]: Entering directory '/home/jhseng/catkin_ws/src/turtle_game/build/CMakeFiles/CMakeTmp'
Building C object CMakeFiles/cmTC_8c043.dir/CheckSymbolExists.c.o
/usr/bin/cc    -o CMakeFiles/cmTC_8c043.dir/CheckSymbolExists.c.o   -c /home/jhseng/catkin_ws/src/turtle_game/build/CMakeFiles/CMakeTmp/CheckSymbolExists.c
Linking C executable cmTC_8c043
/usr/bin/cmake -E cmake_link_script CMakeFiles/cmTC_8c043.dir/link.txt --verbose=1
/usr/bin/cc      -rdynamic CMakeFiles/cmTC_8c043.dir/CheckSymbolExists.c.o  -o cmTC_8c043 
CMakeFiles/cmTC_8c043.dir/CheckSymbolExists.c.o: In function `main':
CheckSymbolExists.c:(.text+0x1b): undefined reference to `pthread_create'
collect2: error: ld returned 1 exit status
CMakeFiles/cmTC_8c043.dir/build.make:97: recipe for target 'cmTC_8c043' failed
make[1]: *** [cmTC_8c043] Error 1
make[1]: Leaving directory '/home/jhseng/catkin_ws/src/turtle_game/build/CMakeFiles/CMakeTmp'
Makefile:126: recipe for target 'cmTC_8c043/fast' failed
make: *** [cmTC_8c043/fast] Error 2

File /home/jhseng/catkin_ws/src/turtle_game/build/CMakeFiles/CMakeTmp/CheckSymbolExists.c:
/* */
#include <pthread.h>

int main(int argc, char** argv)
{
  (void)argv;
#ifndef pthread_create
  return ((int*)(&pthread_create))[argc];
#else
  (void)argc;
  return 0;
#endif
}

Determining if the function pthread_create exists in the pthreads failed with the following output:
Change Dir: /home/jhseng/catkin_ws/src/turtle_game/build/CMakeFiles/CMakeTmp

Run Build Command:"/usr/bin/make" "cmTC_3fe77/fast"
/usr/bin/make -f CMakeFiles/cmTC_3fe77.dir/build.make CMakeFiles/cmTC_3fe77.dir/build
make[1]: Entering directory '/home/jhseng/catkin_ws/src/turtle_game/build/CMakeFiles/CMakeTmp'
Building C object CMakeFiles/cmTC_3fe77.dir/CheckFunctionExists.c.o
/usr/bin/cc   -DCHECK_FUNCTION_EXISTS=pthread_create   -o CMakeFiles/cmTC_3fe77.dir/CheckFunctionExists.c.o   -c /usr/share/cmake-3.10/Modules/CheckFunctionExists.c
Linking C executable cmTC_3fe77
/usr/bin/cmake -E cmake_link_script CMakeFiles/cmTC_3fe77.dir/link.txt --verbose=1
/usr/bin/cc  -DCHECK_FUNCTION_EXISTS=pthread_create    -rdynamic CMakeFiles/cmTC_3fe77.dir/CheckFunctionExists.c.o  -o cmTC_3fe77 -lpthreads 
/usr/bin/ld: cannot find -lpthreads
collect2: error: ld returned 1 exit status
CMakeFiles/cmTC_3fe77.dir/build.make:97: recipe for target 'cmTC_3fe77' failed
make[1]: *** [cmTC_3fe77] Error 1
make[1]: Leaving directory '/home/jhseng/catkin_ws/src/turtle_game/build/CMakeFiles/CMakeTmp'
Makefile:126: recipe for target 'cmTC_3fe77/fast' failed
make: *** [cmTC_3fe77/fast] Error 2


